<?xml version="1.0" encoding="UTF-8"?>
<testsuite xmlns:xsi="http://www.w3.org/2001/XMLSchema-instance" xsi:noNamespaceSchemaLocation="https://maven.apache.org/surefire/maven-surefire-plugin/xsd/surefire-test-report-3.0.xsd" version="3.0" name="org.csystem.generator.password.UserInfoRepositorySaveTest" time="0.003" tests="1" errors="0" skipped="1" failures="0">
  <properties/>
  <testcase name="test" classname="org.csystem.generator.password.UserInfoRepositorySaveTest" time="0.0">
    <skipped message="class org.csystem.generator.password.UserInfoRepositorySaveTest is @Disabled"/>
  </testcase>
</testsuite>