<?xml version="1.0" encoding="UTF-8"?>
<testsuite xmlns:xsi="http://www.w3.org/2001/XMLSchema-instance" xsi:noNamespaceSchemaLocation="https://maven.apache.org/surefire/maven-surefire-plugin/xsd/surefire-test-report-3.0.xsd" version="3.0" name="com.bekirkocadag.app.operation.AppTests" time="11.296" tests="1" errors="0" skipped="0" failures="0">
  <properties>
[...]
</properties>
  <testcase name="contextLoads" classname="com.bekirkocadag.app.operation.AppTests" time="4.564">
    <system-out><![CDATA[16:19:45.773 [main] INFO org.springframework.test.context.support.AnnotationConfigContextLoaderUtils -- Could not detect default configuration classes for test class [com.bekirkocadag.app.operation.AppTests]: AppTests does not declare any static, non-private, non-final, nested classes annotated with @Configuration.
16:19:46.341 [main] INFO org.springframework.boot.test.context.SpringBootTestContextBootstrapper -- Found @SpringBootConfiguration com.bekirkocadag.app.operation.App for test class com.bekirkocadag.app.operation.AppTests

   _____  _____ _____  
  / ____|/ ____|  __ \ 
 | |    | (___ | |  | |
 | |     \___ \| |  | |
 | |____ ____) | |__| |
  \_____|_____/|_____/ 
                       
                       

2024-06-01T16:19:48.427+03:00  INFO 72541 --- [OperationApplication] [           main] c.bekirkocadag.app.operation.AppTests    : Starting AppTests using Java 18.0.1.1 with PID 72541 (started by oguzkaran in /Users/oguzkaran/Dropbox/CSD/Kurslar/JavaApp1-Nov-2023/src/Projects/012-SpringBoot/003-DemoCollectionInjectionApp/OperationApplication)
2024-06-01T16:19:48.436+03:00  INFO 72541 --- [OperationApplication] [           main] c.bekirkocadag.app.operation.AppTests    : No active profile set, falling back to 1 default profile: "default"
2024-06-01T16:19:51.522+03:00  INFO 72541 --- [OperationApplication] [           main] c.bekirkocadag.app.operation.AppTests    : Started AppTests in 4.453 seconds (process running for 9.624)
]]></system-out>
    <system-err><![CDATA[Error occurred:Cannot invoke "java.util.List.get(int)" because the return value of "org.springframework.boot.ApplicationArguments.getOptionValues(String)" is null
]]></system-err>
  </testcase>
</testsuite>