<?xml version="1.0" encoding="UTF-8"?>
<testsuite xmlns:xsi="http://www.w3.org/2001/XMLSchema-instance" xsi:noNamespaceSchemaLocation="https://maven.apache.org/surefire/maven-surefire-plugin/xsd/surefire-test-report-3.0.xsd" version="3.0" name="org.csystem.generator.password.PasswordGeneratorDataServiceFailTest" time="0.378" tests="1" errors="0" skipped="0" failures="0">
  <properties>
[...]
</properties>
  <testcase name="test" classname="org.csystem.generator.password.PasswordGeneratorDataServiceFailTest" time="0.313">
    <system-out><![CDATA[13:58:23.414 [main] INFO org.csystem.generator.password.data.service.PasswordGeneratorDataService -- PasswordGeneratorService.saveUserInfo:UserInfoSaveDTO(m_username=merve, m_password=1234, m_textCount=20, m_textLength=5)
13:58:23.429 [main] INFO org.csystem.generator.password.dal.PasswordGeneratorHelper -- PasswordGeneratorHelper.saveUserInfoIfNotExists:UserInfo(m_username=merve, m_password=1234, m_count=20, m_len=5, m_registerTime=null)
]]></system-out>
  </testcase>
</testsuite>