<?xml version="1.0" encoding="UTF-8"?>
<testsuite xmlns:xsi="http://www.w3.org/2001/XMLSchema-instance" xsi:noNamespaceSchemaLocation="https://maven.apache.org/surefire/maven-surefire-plugin/xsd/surefire-test-report-3.0.xsd" version="3.0" name="org.csystem.app.postalcode.geonames.GeonamesPostalCodeServiceFindPostalCodesTest" time="5.348" tests="1" errors="0" skipped="0" failures="0">
  <properties>
[...]
</properties>
  <testcase name="test" classname="org.csystem.app.postalcode.geonames.GeonamesPostalCodeServiceFindPostalCodesTest" time="1.751">
    <system-out><![CDATA[13:22:50.653 [main] INFO org.springframework.test.context.support.AnnotationConfigContextLoaderUtils -- Could not detect default configuration classes for test class [org.csystem.app.postalcode.geonames.GeonamesPostalCodeServiceFindPostalCodesTest]: GeonamesPostalCodeServiceFindPostalCodesTest does not declare any static, non-private, non-final, nested classes annotated with @Configuration.
13:22:50.815 [main] INFO org.springframework.boot.test.context.SpringBootTestContextBootstrapper -- Found @SpringBootConfiguration org.csystem.app.postalcode.geonames.GeonamesPostalCodeServiceFindPostalCodesTest for test class org.csystem.app.postalcode.geonames.GeonamesPostalCodeServiceFindPostalCodesTest

  .   ____          _            __ _ _
 /\\ / ___'_ __ _ _(_)_ __  __ _ \ \ \ \
( ( )\___ | '_ | '_| | '_ \/ _` | \ \ \ \
 \\/  ___)| |_)| | | | | || (_| |  ) ) ) )
  '  |____| .__|_| |_|_| |_\__, | / / / /
 =========|_|==============|___/=/_/_/_/

 :: Spring Boot ::                (v3.3.1)

2024-09-01T13:22:51.837+03:00  INFO 8744 --- [           main] amesPostalCodeServiceFindPostalCodesTest : Starting GeonamesPostalCodeServiceFindPostalCodesTest using Java 21.0.1 with PID 8744 (started by Hp in D:\Repositories\JavaApp1-Nov-2023\src\Projects\012-SpringBoot\010-PostalCodeServiceGeonames\GeonamesPostalCodeServiceLib)
2024-09-01T13:22:51.840+03:00  INFO 8744 --- [           main] amesPostalCodeServiceFindPostalCodesTest : No active profile set, falling back to 1 default profile: "default"
2024-09-01T13:22:53.814+03:00  INFO 8744 --- [           main] amesPostalCodeServiceFindPostalCodesTest : Started GeonamesPostalCodeServiceFindPostalCodesTest in 2.647 seconds (process running for 5.299)
]]></system-out>
    <system-err><![CDATA[WARNING: A Java agent has been loaded dynamically (C:\Users\Hp\.m2\repository\net\bytebuddy\byte-buddy-agent\1.14.17\byte-buddy-agent-1.14.17.jar)
WARNING: If a serviceability tool is in use, please run with -XX:+EnableDynamicAgentLoading to hide this warning
WARNING: If a serviceability tool is not in use, please run with -Djdk.instrument.traceUsage for more information
WARNING: Dynamic loading of agents will be disallowed by default in a future release
]]></system-err>
  </testcase>
</testsuite>