<?xml version="1.0" encoding="UTF-8"?>
<testsuite xmlns:xsi="http://www.w3.org/2001/XMLSchema-instance" xsi:noNamespaceSchemaLocation="https://maven.apache.org/surefire/maven-surefire-plugin/xsd/surefire-test-report-3.0.xsd" version="3.0" name="org.csystem.app.earthquake.data.SaveEarthquakeTest" time="1.504" tests="1" errors="0" skipped="0" failures="0">
  <properties>
[...]
</properties>
  <testcase name="givenValue_whenEarthquake_thenSaveNotThrowsSQLException" classname="org.csystem.app.earthquake.data.SaveEarthquakeTest" time="0.053">
    <system-out><![CDATA[2024-08-17T16:54:47.191+03:00  INFO 13144 --- [           main] t.c.s.AnnotationConfigContextLoaderUtils : Could not detect default configuration classes for test class [org.csystem.app.earthquake.data.SaveEarthquakeTest]: SaveEarthquakeTest does not declare any static, non-private, non-final, nested classes annotated with @Configuration.
2024-08-17T16:54:47.203+03:00  INFO 13144 --- [           main] .b.t.c.SpringBootTestContextBootstrapper : Found @SpringBootConfiguration org.csystem.app.earthquake.data.SaveEarthquakeTest for test class org.csystem.app.earthquake.data.SaveEarthquakeTest

  .   ____          _            __ _ _
 /\\ / ___'_ __ _ _(_)_ __  __ _ \ \ \ \
( ( )\___ | '_ | '_| | '_ \/ _` | \ \ \ \
 \\/  ___)| |_)| | | | | || (_| |  ) ) ) )
  '  |____| .__|_| |_|_| |_\__, | / / / /
 =========|_|==============|___/=/_/_/_/

 :: Spring Boot ::                (v3.3.1)

2024-08-17T16:54:47.315+03:00  INFO 13144 --- [           main] o.c.a.e.data.SaveEarthquakeTest          : Starting SaveEarthquakeTest using Java 21.0.1 with PID 13144 (started by Hp in D:\Repositories\JavaApp1-Nov-2023\src\Projects\012-SpringBoot\009-EarthquakeServiceGeonames\RespositoryLib)
2024-08-17T16:54:47.315+03:00  INFO 13144 --- [           main] o.c.a.e.data.SaveEarthquakeTest          : No active profile set, falling back to 1 default profile: "default"
2024-08-17T16:54:48.005+03:00  INFO 13144 --- [           main] .s.d.r.c.RepositoryConfigurationDelegate : Bootstrapping Spring Data JDBC repositories in DEFAULT mode.
2024-08-17T16:54:48.015+03:00  INFO 13144 --- [           main] .s.d.r.c.RepositoryConfigurationDelegate : Finished Spring Data repository scanning in 9 ms. Found 0 JDBC repository interfaces.
2024-08-17T16:54:48.199+03:00  INFO 13144 --- [           main] com.zaxxer.hikari.HikariDataSource       : HikariPool-2 - Starting...
2024-08-17T16:54:48.336+03:00  INFO 13144 --- [           main] com.zaxxer.hikari.pool.HikariPool        : HikariPool-2 - Added connection org.postgresql.jdbc.PgConnection@79f1e22e
2024-08-17T16:54:48.336+03:00  INFO 13144 --- [           main] com.zaxxer.hikari.HikariDataSource       : HikariPool-2 - Start completed.
2024-08-17T16:54:48.625+03:00  INFO 13144 --- [           main] o.c.a.e.data.SaveEarthquakeTest          : Started SaveEarthquakeTest in 1.413 seconds (process running for 10.947)
]]></system-out>
  </testcase>
</testsuite>